ERROR - 2023-04-13 05:21:21 --> mysqli_sql_exception: Table 'HiLearn.Forum' doesn't exist in /var/www/htdocs/project/system/Database/MySQLi/Connection.php:295
Stack trace:
#0 /var/www/htdocs/project/system/Database/MySQLi/Connection.php(295): mysqli->query()
#1 /var/www/htdocs/project/system/Database/BaseConnection.php(691): CodeIgniter\Database\MySQLi\Connection->execute()
#2 /var/www/htdocs/project/system/Database/BaseConnection.php(605): CodeIgniter\Database\BaseConnection->simpleQuery()
#3 /var/www/htdocs/project/system/Database/BaseBuilder.php(1616): CodeIgniter\Database\BaseConnection->query()
#4 /var/www/htdocs/project/system/Model.php(241): CodeIgniter\Database\BaseBuilder->get()
#5 /var/www/htdocs/project/system/BaseModel.php(618): CodeIgniter\Model->doFindAll()
#6 /var/www/htdocs/project/app/Controllers/Hello.php(18): CodeIgniter\BaseModel->findAll()
#7 /var/www/htdocs/project/system/CodeIgniter.php(934): App\Controllers\Hello->forum()
#8 /var/www/htdocs/project/system/CodeIgniter.php(499): CodeIgniter\CodeIgniter->runController()
#9 /var/www/htdocs/project/system/CodeIgniter.php(368): CodeIgniter\CodeIgniter->handleRequest()
#10 /var/www/htdocs/project/public/index.php(67): CodeIgniter\CodeIgniter->run()
#11 {main}
CRITICAL - 2023-04-13 05:21:21 --> Table 'HiLearn.Forum' doesn't exist
in SYSTEMPATH/Database/BaseConnection.php on line 645.
 1 SYSTEMPATH/Database/BaseBuilder.php(1616): CodeIgniter\Database\BaseConnection->query()
 2 SYSTEMPATH/Model.php(241): CodeIgniter\Database\BaseBuilder->get()
 3 SYSTEMPATH/BaseModel.php(618): CodeIgniter\Model->doFindAll()
 4 APPPATH/Controllers/Hello.php(18): CodeIgniter\BaseModel->findAll()
 5 SYSTEMPATH/CodeIgniter.php(934): App\Controllers\Hello->forum()
 6 SYSTEMPATH/CodeIgniter.php(499): CodeIgniter\CodeIgniter->runController()
 7 SYSTEMPATH/CodeIgniter.php(368): CodeIgniter\CodeIgniter->handleRequest()
 8 FCPATH/index.php(67): CodeIgniter\CodeIgniter->run()
CRITICAL - 2023-04-13 05:33:36 --> Undefined variable $router
in APPPATH/Config/Routes.php on line 38.
 1 APPPATH/Config/Routes.php(38): CodeIgniter\Debug\Exceptions->errorHandler()
 2 SYSTEMPATH/Router/RouteCollection.php(267): require('APPPATH/Config/Routes.php')
 3 SYSTEMPATH/CodeIgniter.php(802): CodeIgniter\Router\RouteCollection->loadRoutes()
 4 SYSTEMPATH/CodeIgniter.php(449): CodeIgniter\CodeIgniter->tryToRouteIt()
 5 SYSTEMPATH/CodeIgniter.php(368): CodeIgniter\CodeIgniter->handleRequest()
 6 FCPATH/index.php(67): CodeIgniter\CodeIgniter->run()
CRITICAL - 2023-04-13 05:34:25 --> Undefined variable $router
in APPPATH/Config/Routes.php on line 38.
 1 APPPATH/Config/Routes.php(38): CodeIgniter\Debug\Exceptions->errorHandler()
 2 SYSTEMPATH/Router/RouteCollection.php(267): require('APPPATH/Config/Routes.php')
 3 SYSTEMPATH/CodeIgniter.php(802): CodeIgniter\Router\RouteCollection->loadRoutes()
 4 SYSTEMPATH/CodeIgniter.php(449): CodeIgniter\CodeIgniter->tryToRouteIt()
 5 SYSTEMPATH/CodeIgniter.php(368): CodeIgniter\CodeIgniter->handleRequest()
 6 FCPATH/index.php(67): CodeIgniter\CodeIgniter->run()
CRITICAL - 2023-04-13 07:47:33 --> Undefined variable $table
in APPPATH/Models/FileForum.php on line 18.
 1 APPPATH/Models/FileForum.php(18): CodeIgniter\Debug\Exceptions->errorHandler()
 2 APPPATH/Controllers/Forum.php(20): App\Models\FileForum->storeFile()
 3 SYSTEMPATH/CodeIgniter.php(934): App\Controllers\Forum->upload_multiple()
 4 SYSTEMPATH/CodeIgniter.php(499): CodeIgniter\CodeIgniter->runController()
 5 SYSTEMPATH/CodeIgniter.php(368): CodeIgniter\CodeIgniter->handleRequest()
 6 FCPATH/index.php(67): CodeIgniter\CodeIgniter->run()
CRITICAL - 2023-04-13 07:58:37 --> Undefined variable $table
in APPPATH/Models/ForumModel.php on line 22.
 1 APPPATH/Models/ForumModel.php(22): CodeIgniter\Debug\Exceptions->errorHandler()
 2 APPPATH/Controllers/Forum.php(18): App\Models\ForumModel->postForum()
 3 SYSTEMPATH/CodeIgniter.php(934): App\Controllers\Forum->upload_multiple()
 4 SYSTEMPATH/CodeIgniter.php(499): CodeIgniter\CodeIgniter->runController()
 5 SYSTEMPATH/CodeIgniter.php(368): CodeIgniter\CodeIgniter->handleRequest()
 6 FCPATH/index.php(67): CodeIgniter\CodeIgniter->run()
CRITICAL - 2023-04-13 12:33:58 --> You must set the database table to be used with your query.
in SYSTEMPATH/Database/BaseConnection.php on line 882.
 1 SYSTEMPATH/Model.php(642): CodeIgniter\Database\BaseConnection->table()
 2 SYSTEMPATH/Model.php(234): CodeIgniter\Model->builder()
 3 SYSTEMPATH/BaseModel.php(618): CodeIgniter\Model->doFindAll()
 4 APPPATH/Controllers/Hello.php(18): CodeIgniter\BaseModel->findAll()
 5 SYSTEMPATH/CodeIgniter.php(934): App\Controllers\Hello->forum()
 6 SYSTEMPATH/CodeIgniter.php(499): CodeIgniter\CodeIgniter->runController()
 7 SYSTEMPATH/CodeIgniter.php(368): CodeIgniter\CodeIgniter->handleRequest()
 8 FCPATH/index.php(67): CodeIgniter\CodeIgniter->run()
