CRITICAL - 2023-04-04 11:52:27 --> Undefined variable $status_email
in APPPATH/Views/Pages/quiz.php on line 15.
 1 APPPATH/Views/Pages/quiz.php(15): CodeIgniter\Debug\Exceptions->errorHandler()
 2 SYSTEMPATH/View/View.php(213): include('APPPATH/Views/Pages/quiz.php')
 3 SYSTEMPATH/View/View.php(216): CodeIgniter\View\View->CodeIgniter\View\{closure}()
 4 SYSTEMPATH/Common.php(1184): CodeIgniter\View\View->render()
 5 APPPATH/Controllers/Home.php(54): view()
 6 SYSTEMPATH/CodeIgniter.php(934): App\Controllers\Home->quiz1()
 7 SYSTEMPATH/CodeIgniter.php(499): CodeIgniter\CodeIgniter->runController()
 8 SYSTEMPATH/CodeIgniter.php(368): CodeIgniter\CodeIgniter->handleRequest()
 9 FCPATH/index.php(67): CodeIgniter\CodeIgniter->run()
CRITICAL - 2023-04-04 12:00:14 --> timezone_name_get(): Argument #1 ($object) must be of type DateTimeZone, bool given
in APPPATH/Controllers/Home.php on line 44.
 1 APPPATH/Controllers/Home.php(44): timezone_name_get()
 2 SYSTEMPATH/CodeIgniter.php(934): App\Controllers\Home->quiz1()
 3 SYSTEMPATH/CodeIgniter.php(499): CodeIgniter\CodeIgniter->runController()
 4 SYSTEMPATH/CodeIgniter.php(368): CodeIgniter\CodeIgniter->handleRequest()
 5 FCPATH/index.php(67): CodeIgniter\CodeIgniter->run()
CRITICAL - 2023-04-04 12:07:48 --> Undefined variable $tz
in APPPATH/Controllers/Home.php on line 44.
 1 APPPATH/Controllers/Home.php(44): CodeIgniter\Debug\Exceptions->errorHandler()
 2 SYSTEMPATH/CodeIgniter.php(934): App\Controllers\Home->quiz1()
 3 SYSTEMPATH/CodeIgniter.php(499): CodeIgniter\CodeIgniter->runController()
 4 SYSTEMPATH/CodeIgniter.php(368): CodeIgniter\CodeIgniter->handleRequest()
 5 FCPATH/index.php(67): CodeIgniter\CodeIgniter->run()
CRITICAL - 2023-04-04 12:10:16 --> Undefined variable $tz
in APPPATH/Controllers/Home.php on line 44.
 1 APPPATH/Controllers/Home.php(44): CodeIgniter\Debug\Exceptions->errorHandler()
 2 SYSTEMPATH/CodeIgniter.php(934): App\Controllers\Home->quiz1()
 3 SYSTEMPATH/CodeIgniter.php(499): CodeIgniter\CodeIgniter->runController()
 4 SYSTEMPATH/CodeIgniter.php(368): CodeIgniter\CodeIgniter->handleRequest()
 5 FCPATH/index.php(67): CodeIgniter\CodeIgniter->run()
CRITICAL - 2023-04-04 12:33:20 --> Undefined variable $title
in APPPATH/Controllers/Home.php on line 54.
 1 APPPATH/Controllers/Home.php(54): CodeIgniter\Debug\Exceptions->errorHandler()
 2 SYSTEMPATH/CodeIgniter.php(934): App\Controllers\Home->quiz1()
 3 SYSTEMPATH/CodeIgniter.php(499): CodeIgniter\CodeIgniter->runController()
 4 SYSTEMPATH/CodeIgniter.php(368): CodeIgniter\CodeIgniter->handleRequest()
 5 FCPATH/index.php(67): CodeIgniter\CodeIgniter->run()
CRITICAL - 2023-04-04 12:51:07 --> DateTimeZone::__construct(): Unknown or bad timezone (America/Newyork)
in APPPATH/Views/Pages/result.php on line 9.
 1 APPPATH/Views/Pages/result.php(9): DateTimeZone->__construct()
 2 SYSTEMPATH/View/View.php(213): include('APPPATH/Views/Pages/result.php')
 3 SYSTEMPATH/View/View.php(216): CodeIgniter\View\View->CodeIgniter\View\{closure}()
 4 SYSTEMPATH/Common.php(1184): CodeIgniter\View\View->render()
 5 APPPATH/Controllers/Home.php(73): view()
 6 SYSTEMPATH/CodeIgniter.php(934): App\Controllers\Home->quiz1()
 7 SYSTEMPATH/CodeIgniter.php(499): CodeIgniter\CodeIgniter->runController()
 8 SYSTEMPATH/CodeIgniter.php(368): CodeIgniter\CodeIgniter->handleRequest()
 9 FCPATH/index.php(67): CodeIgniter\CodeIgniter->run()
CRITICAL - 2023-04-04 12:51:34 --> DateTimeZone::__construct(): Unknown or bad timezone (America/Newyork)
in APPPATH/Views/Pages/result.php on line 9.
 1 APPPATH/Views/Pages/result.php(9): DateTimeZone->__construct()
 2 SYSTEMPATH/View/View.php(213): include('APPPATH/Views/Pages/result.php')
 3 SYSTEMPATH/View/View.php(216): CodeIgniter\View\View->CodeIgniter\View\{closure}()
 4 SYSTEMPATH/Common.php(1184): CodeIgniter\View\View->render()
 5 APPPATH/Controllers/Home.php(73): view()
 6 SYSTEMPATH/CodeIgniter.php(934): App\Controllers\Home->quiz1()
 7 SYSTEMPATH/CodeIgniter.php(499): CodeIgniter\CodeIgniter->runController()
 8 SYSTEMPATH/CodeIgniter.php(368): CodeIgniter\CodeIgniter->handleRequest()
 9 FCPATH/index.php(67): CodeIgniter\CodeIgniter->run()
CRITICAL - 2023-04-04 12:57:04 --> Class "App\Controllers\DateTime" not found
in APPPATH/Controllers/Home.php on line 73.
 1 SYSTEMPATH/CodeIgniter.php(934): App\Controllers\Home->quiz1()
 2 SYSTEMPATH/CodeIgniter.php(499): CodeIgniter\CodeIgniter->runController()
 3 SYSTEMPATH/CodeIgniter.php(368): CodeIgniter\CodeIgniter->handleRequest()
 4 FCPATH/index.php(67): CodeIgniter\CodeIgniter->run()
CRITICAL - 2023-04-04 12:59:02 --> Class "App\Controllers\DateTime" not found
in APPPATH/Controllers/Home.php on line 73.
 1 SYSTEMPATH/CodeIgniter.php(934): App\Controllers\Home->quiz1()
 2 SYSTEMPATH/CodeIgniter.php(499): CodeIgniter\CodeIgniter->runController()
 3 SYSTEMPATH/CodeIgniter.php(368): CodeIgniter\CodeIgniter->handleRequest()
 4 FCPATH/index.php(67): CodeIgniter\CodeIgniter->run()
CRITICAL - 2023-04-04 13:01:37 --> Undefined variable $dt
in APPPATH/Views/Pages/result.php on line 9.
 1 APPPATH/Views/Pages/result.php(9): CodeIgniter\Debug\Exceptions->errorHandler()
 2 SYSTEMPATH/View/View.php(213): include('APPPATH/Views/Pages/result.php')
 3 SYSTEMPATH/View/View.php(216): CodeIgniter\View\View->CodeIgniter\View\{closure}()
 4 SYSTEMPATH/Common.php(1184): CodeIgniter\View\View->render()
 5 APPPATH/Controllers/Home.php(73): view()
 6 SYSTEMPATH/CodeIgniter.php(934): App\Controllers\Home->quiz1()
 7 SYSTEMPATH/CodeIgniter.php(499): CodeIgniter\CodeIgniter->runController()
 8 SYSTEMPATH/CodeIgniter.php(368): CodeIgniter\CodeIgniter->handleRequest()
 9 FCPATH/index.php(67): CodeIgniter\CodeIgniter->run()
CRITICAL - 2023-04-04 13:06:29 --> Class "App\Controllers\DateTimeZone" not found
in APPPATH/Controllers/Home.php on line 52.
 1 SYSTEMPATH/CodeIgniter.php(934): App\Controllers\Home->quiz1()
 2 SYSTEMPATH/CodeIgniter.php(499): CodeIgniter\CodeIgniter->runController()
 3 SYSTEMPATH/CodeIgniter.php(368): CodeIgniter\CodeIgniter->handleRequest()
 4 FCPATH/index.php(67): CodeIgniter\CodeIgniter->run()
CRITICAL - 2023-04-04 13:08:25 --> Undefined variable $dt
in APPPATH/Controllers/Home.php on line 52.
 1 APPPATH/Controllers/Home.php(52): CodeIgniter\Debug\Exceptions->errorHandler()
 2 SYSTEMPATH/CodeIgniter.php(934): App\Controllers\Home->quiz1()
 3 SYSTEMPATH/CodeIgniter.php(499): CodeIgniter\CodeIgniter->runController()
 4 SYSTEMPATH/CodeIgniter.php(368): CodeIgniter\CodeIgniter->handleRequest()
 5 FCPATH/index.php(67): CodeIgniter\CodeIgniter->run()
CRITICAL - 2023-04-04 13:09:08 --> Undefined variable $dt
in APPPATH/Controllers/Home.php on line 52.
 1 APPPATH/Controllers/Home.php(52): CodeIgniter\Debug\Exceptions->errorHandler()
 2 SYSTEMPATH/CodeIgniter.php(934): App\Controllers\Home->quiz1()
 3 SYSTEMPATH/CodeIgniter.php(499): CodeIgniter\CodeIgniter->runController()
 4 SYSTEMPATH/CodeIgniter.php(368): CodeIgniter\CodeIgniter->handleRequest()
 5 FCPATH/index.php(67): CodeIgniter\CodeIgniter->run()
CRITICAL - 2023-04-04 13:33:55 --> Array to string conversion
in APPPATH/Views/Pages/forum_page.php on line 31.
 1 APPPATH/Views/Pages/forum_page.php(31): CodeIgniter\Debug\Exceptions->errorHandler()
 2 SYSTEMPATH/View/View.php(213): include('APPPATH/Views/Pages/forum_page.php')
 3 SYSTEMPATH/View/View.php(216): CodeIgniter\View\View->CodeIgniter\View\{closure}()
 4 SYSTEMPATH/Common.php(1184): CodeIgniter\View\View->render()
 5 APPPATH/Controllers/Hello.php(23): view()
 6 SYSTEMPATH/CodeIgniter.php(934): App\Controllers\Hello->forum()
 7 SYSTEMPATH/CodeIgniter.php(499): CodeIgniter\CodeIgniter->runController()
 8 SYSTEMPATH/CodeIgniter.php(368): CodeIgniter\CodeIgniter->handleRequest()
 9 FCPATH/index.php(67): CodeIgniter\CodeIgniter->run()
CRITICAL - 2023-04-04 13:34:27 --> Array to string conversion
in APPPATH/Views/Pages/forum_page.php on line 31.
 1 APPPATH/Views/Pages/forum_page.php(31): CodeIgniter\Debug\Exceptions->errorHandler()
 2 SYSTEMPATH/View/View.php(213): include('APPPATH/Views/Pages/forum_page.php')
 3 SYSTEMPATH/View/View.php(216): CodeIgniter\View\View->CodeIgniter\View\{closure}()
 4 SYSTEMPATH/Common.php(1184): CodeIgniter\View\View->render()
 5 APPPATH/Controllers/Hello.php(23): view()
 6 SYSTEMPATH/CodeIgniter.php(934): App\Controllers\Hello->forum()
 7 SYSTEMPATH/CodeIgniter.php(499): CodeIgniter\CodeIgniter->runController()
 8 SYSTEMPATH/CodeIgniter.php(368): CodeIgniter\CodeIgniter->handleRequest()
 9 FCPATH/index.php(67): CodeIgniter\CodeIgniter->run()
