CRITICAL - 2023-04-17 00:21:42 --> Cannot use object of type stdClass as array
in APPPATH/Views/Pages/forum_page.php on line 30.
 1 SYSTEMPATH/View/View.php(213): include()
 2 SYSTEMPATH/View/View.php(216): CodeIgniter\View\View->CodeIgniter\View\{closure}()
 3 SYSTEMPATH/Common.php(1184): CodeIgniter\View\View->render()
 4 APPPATH/Controllers/Hello.php(23): view()
 5 SYSTEMPATH/CodeIgniter.php(934): App\Controllers\Hello->forum()
 6 SYSTEMPATH/CodeIgniter.php(499): CodeIgniter\CodeIgniter->runController()
 7 SYSTEMPATH/CodeIgniter.php(368): CodeIgniter\CodeIgniter->handleRequest()
 8 FCPATH/index.php(67): CodeIgniter\CodeIgniter->run()
CRITICAL - 2023-04-17 00:23:27 --> Call to a member function result_array() on array
in APPPATH/Views/Pages/forum_page.php on line 26.
 1 SYSTEMPATH/View/View.php(213): include()
 2 SYSTEMPATH/View/View.php(216): CodeIgniter\View\View->CodeIgniter\View\{closure}()
 3 SYSTEMPATH/Common.php(1184): CodeIgniter\View\View->render()
 4 APPPATH/Controllers/Hello.php(23): view()
 5 SYSTEMPATH/CodeIgniter.php(934): App\Controllers\Hello->forum()
 6 SYSTEMPATH/CodeIgniter.php(499): CodeIgniter\CodeIgniter->runController()
 7 SYSTEMPATH/CodeIgniter.php(368): CodeIgniter\CodeIgniter->handleRequest()
 8 FCPATH/index.php(67): CodeIgniter\CodeIgniter->run()
CRITICAL - 2023-04-17 00:23:47 --> Call to a member function result() on array
in APPPATH/Views/Pages/forum_page.php on line 26.
 1 SYSTEMPATH/View/View.php(213): include()
 2 SYSTEMPATH/View/View.php(216): CodeIgniter\View\View->CodeIgniter\View\{closure}()
 3 SYSTEMPATH/Common.php(1184): CodeIgniter\View\View->render()
 4 APPPATH/Controllers/Hello.php(23): view()
 5 SYSTEMPATH/CodeIgniter.php(934): App\Controllers\Hello->forum()
 6 SYSTEMPATH/CodeIgniter.php(499): CodeIgniter\CodeIgniter->runController()
 7 SYSTEMPATH/CodeIgniter.php(368): CodeIgniter\CodeIgniter->handleRequest()
 8 FCPATH/index.php(67): CodeIgniter\CodeIgniter->run()
CRITICAL - 2023-04-17 00:26:01 --> Call to a member function result() on array
in APPPATH/Views/Pages/forum_page.php on line 26.
 1 SYSTEMPATH/View/View.php(213): include()
 2 SYSTEMPATH/View/View.php(216): CodeIgniter\View\View->CodeIgniter\View\{closure}()
 3 SYSTEMPATH/Common.php(1184): CodeIgniter\View\View->render()
 4 APPPATH/Controllers/Hello.php(23): view()
 5 SYSTEMPATH/CodeIgniter.php(934): App\Controllers\Hello->forum()
 6 SYSTEMPATH/CodeIgniter.php(499): CodeIgniter\CodeIgniter->runController()
 7 SYSTEMPATH/CodeIgniter.php(368): CodeIgniter\CodeIgniter->handleRequest()
 8 FCPATH/index.php(67): CodeIgniter\CodeIgniter->run()
CRITICAL - 2023-04-17 08:51:18 --> Undefined variable $quert
in APPPATH/Models/ForumModel.php on line 37.
 1 APPPATH/Models/ForumModel.php(37): CodeIgniter\Debug\Exceptions->errorHandler()
 2 APPPATH/Controllers/Hello.php(29): App\Models\ForumModel->getForum()
 3 SYSTEMPATH/CodeIgniter.php(934): App\Controllers\Hello->detail()
 4 SYSTEMPATH/CodeIgniter.php(499): CodeIgniter\CodeIgniter->runController()
 5 SYSTEMPATH/CodeIgniter.php(368): CodeIgniter\CodeIgniter->handleRequest()
 6 FCPATH/index.php(67): CodeIgniter\CodeIgniter->run()
CRITICAL - 2023-04-17 08:51:35 --> Call to undefined method CodeIgniter\Database\MySQLi\Builder::getRowArray()
in APPPATH/Models/ForumModel.php on line 37.
 1 APPPATH/Controllers/Hello.php(29): App\Models\ForumModel->getForum()
 2 SYSTEMPATH/CodeIgniter.php(934): App\Controllers\Hello->detail()
 3 SYSTEMPATH/CodeIgniter.php(499): CodeIgniter\CodeIgniter->runController()
 4 SYSTEMPATH/CodeIgniter.php(368): CodeIgniter\CodeIgniter->handleRequest()
 5 FCPATH/index.php(67): CodeIgniter\CodeIgniter->run()
CRITICAL - 2023-04-17 08:53:37 --> Call to undefined function App\Controllers\vardumo()
in APPPATH/Controllers/Hello.php on line 29.
 1 SYSTEMPATH/CodeIgniter.php(934): App\Controllers\Hello->detail()
 2 SYSTEMPATH/CodeIgniter.php(499): CodeIgniter\CodeIgniter->runController()
 3 SYSTEMPATH/CodeIgniter.php(368): CodeIgniter\CodeIgniter->handleRequest()
 4 FCPATH/index.php(67): CodeIgniter\CodeIgniter->run()
CRITICAL - 2023-04-17 08:53:45 --> Call to undefined function App\Controllers\vardump()
in APPPATH/Controllers/Hello.php on line 29.
 1 SYSTEMPATH/CodeIgniter.php(934): App\Controllers\Hello->detail()
 2 SYSTEMPATH/CodeIgniter.php(499): CodeIgniter\CodeIgniter->runController()
 3 SYSTEMPATH/CodeIgniter.php(368): CodeIgniter\CodeIgniter->handleRequest()
 4 FCPATH/index.php(67): CodeIgniter\CodeIgniter->run()
CRITICAL - 2023-04-17 08:53:52 --> Call to undefined function App\Controllers\vardump()
in APPPATH/Controllers/Hello.php on line 29.
 1 SYSTEMPATH/CodeIgniter.php(934): App\Controllers\Hello->detail()
 2 SYSTEMPATH/CodeIgniter.php(499): CodeIgniter\CodeIgniter->runController()
 3 SYSTEMPATH/CodeIgniter.php(368): CodeIgniter\CodeIgniter->handleRequest()
 4 FCPATH/index.php(67): CodeIgniter\CodeIgniter->run()
CRITICAL - 2023-04-17 08:54:55 --> Call to a member function getResult() on array
in APPPATH/Controllers/Regis.php on line 38.
 1 SYSTEMPATH/CodeIgniter.php(934): App\Controllers\Regis->checklogin()
 2 SYSTEMPATH/CodeIgniter.php(499): CodeIgniter\CodeIgniter->runController()
 3 SYSTEMPATH/CodeIgniter.php(368): CodeIgniter\CodeIgniter->handleRequest()
 4 FCPATH/index.php(67): CodeIgniter\CodeIgniter->run()
CRITICAL - 2023-04-17 08:59:47 --> Cannot access offset of type string on string
in APPPATH/Views/Pages/detail_page.php on line 7.
 1 SYSTEMPATH/View/View.php(213): include()
 2 SYSTEMPATH/View/View.php(216): CodeIgniter\View\View->CodeIgniter\View\{closure}()
 3 SYSTEMPATH/Common.php(1184): CodeIgniter\View\View->render()
 4 APPPATH/Controllers/Hello.php(32): view()
 5 SYSTEMPATH/CodeIgniter.php(934): App\Controllers\Hello->detail()
 6 SYSTEMPATH/CodeIgniter.php(499): CodeIgniter\CodeIgniter->runController()
 7 SYSTEMPATH/CodeIgniter.php(368): CodeIgniter\CodeIgniter->handleRequest()
 8 FCPATH/index.php(67): CodeIgniter\CodeIgniter->run()
CRITICAL - 2023-04-17 09:00:24 --> Attempt to read property "Title" on string
in APPPATH/Views/Pages/detail_page.php on line 7.
 1 APPPATH/Views/Pages/detail_page.php(7): CodeIgniter\Debug\Exceptions->errorHandler()
 2 SYSTEMPATH/View/View.php(213): include('APPPATH/Views/Pages/detail_page.php')
 3 SYSTEMPATH/View/View.php(216): CodeIgniter\View\View->CodeIgniter\View\{closure}()
 4 SYSTEMPATH/Common.php(1184): CodeIgniter\View\View->render()
 5 APPPATH/Controllers/Hello.php(32): view()
 6 SYSTEMPATH/CodeIgniter.php(934): App\Controllers\Hello->detail()
 7 SYSTEMPATH/CodeIgniter.php(499): CodeIgniter\CodeIgniter->runController()
 8 SYSTEMPATH/CodeIgniter.php(368): CodeIgniter\CodeIgniter->handleRequest()
 9 FCPATH/index.php(67): CodeIgniter\CodeIgniter->run()
CRITICAL - 2023-04-17 09:02:45 --> Cannot access offset of type string on string
in APPPATH/Views/Pages/detail_page.php on line 7.
 1 SYSTEMPATH/View/View.php(213): include()
 2 SYSTEMPATH/View/View.php(216): CodeIgniter\View\View->CodeIgniter\View\{closure}()
 3 SYSTEMPATH/Common.php(1184): CodeIgniter\View\View->render()
 4 APPPATH/Controllers/Hello.php(32): view()
 5 SYSTEMPATH/CodeIgniter.php(934): App\Controllers\Hello->detail()
 6 SYSTEMPATH/CodeIgniter.php(499): CodeIgniter\CodeIgniter->runController()
 7 SYSTEMPATH/CodeIgniter.php(368): CodeIgniter\CodeIgniter->handleRequest()
 8 FCPATH/index.php(67): CodeIgniter\CodeIgniter->run()
CRITICAL - 2023-04-17 09:04:30 --> Cannot access offset of type string on string
in APPPATH/Views/Pages/detail_page.php on line 7.
 1 SYSTEMPATH/View/View.php(213): include()
 2 SYSTEMPATH/View/View.php(216): CodeIgniter\View\View->CodeIgniter\View\{closure}()
 3 SYSTEMPATH/Common.php(1184): CodeIgniter\View\View->render()
 4 APPPATH/Controllers/Hello.php(32): view()
 5 SYSTEMPATH/CodeIgniter.php(934): App\Controllers\Hello->detail()
 6 SYSTEMPATH/CodeIgniter.php(499): CodeIgniter\CodeIgniter->runController()
 7 SYSTEMPATH/CodeIgniter.php(368): CodeIgniter\CodeIgniter->handleRequest()
 8 FCPATH/index.php(67): CodeIgniter\CodeIgniter->run()
CRITICAL - 2023-04-17 09:04:51 --> Array to string conversion
in APPPATH/Controllers/Hello.php on line 32.
 1 APPPATH/Controllers/Hello.php(32): CodeIgniter\Debug\Exceptions->errorHandler()
 2 SYSTEMPATH/CodeIgniter.php(934): App\Controllers\Hello->detail()
 3 SYSTEMPATH/CodeIgniter.php(499): CodeIgniter\CodeIgniter->runController()
 4 SYSTEMPATH/CodeIgniter.php(368): CodeIgniter\CodeIgniter->handleRequest()
 5 FCPATH/index.php(67): CodeIgniter\CodeIgniter->run()
